2023-08-24 13:52:37,976 INFO    StreamThr :3152 [internal.py:wandb_internal():86] W&B internal server running at pid: 3152, started at: 2023-08-24 13:52:37.975574
2023-08-24 13:52:37,977 DEBUG   HandlerThread:3152 [handler.py:handle_request():144] handle_request: status
2023-08-24 13:52:37,979 INFO    WriterThread:3152 [datastore.py:open_for_write():85] open: d:\google drive\MAE Bs PJ\wandb\run-20230824_135237-yadr3i7f\run-yadr3i7f.wandb
2023-08-24 13:52:37,981 DEBUG   SenderThread:3152 [sender.py:send():379] send: header
2023-08-24 13:52:37,981 DEBUG   SenderThread:3152 [sender.py:send():379] send: run
2023-08-24 13:52:38,637 INFO    SenderThread:3152 [dir_watcher.py:__init__():211] watching files in: d:\google drive\MAE Bs PJ\wandb\run-20230824_135237-yadr3i7f\files
2023-08-24 13:52:38,644 DEBUG   HandlerThread:3152 [handler.py:handle_request():144] handle_request: check_version
2023-08-24 13:52:38,645 INFO    SenderThread:3152 [sender.py:_start_run_threads():1121] run started: yadr3i7f with start time 1692856357.976572
2023-08-24 13:52:38,645 DEBUG   SenderThread:3152 [sender.py:send_request():406] send_request: summary_record
2023-08-24 13:52:38,645 INFO    SenderThread:3152 [sender.py:_save_file():1375] saving file wandb-summary.json with policy end
2023-08-24 13:52:38,646 DEBUG   SenderThread:3152 [sender.py:send_request():406] send_request: check_version
2023-08-24 13:52:39,213 DEBUG   HandlerThread:3152 [handler.py:handle_request():144] handle_request: run_start
2023-08-24 13:52:39,234 DEBUG   HandlerThread:3152 [system_info.py:__init__():31] System info init
2023-08-24 13:52:39,234 DEBUG   HandlerThread:3152 [system_info.py:__init__():46] System info init done
2023-08-24 13:52:39,234 INFO    HandlerThread:3152 [system_monitor.py:start():181] Starting system monitor
2023-08-24 13:52:39,235 INFO    SystemMonitor:3152 [system_monitor.py:_start():145] Starting system asset monitoring threads
2023-08-24 13:52:39,235 INFO    HandlerThread:3152 [system_monitor.py:probe():201] Collecting system info
2023-08-24 13:52:39,240 INFO    SystemMonitor:3152 [interfaces.py:start():190] Started cpu monitoring
2023-08-24 13:52:39,240 INFO    SystemMonitor:3152 [interfaces.py:start():190] Started disk monitoring
2023-08-24 13:52:39,241 INFO    SystemMonitor:3152 [interfaces.py:start():190] Started gpu monitoring
2023-08-24 13:52:39,241 INFO    SystemMonitor:3152 [interfaces.py:start():190] Started memory monitoring
2023-08-24 13:52:39,250 INFO    SystemMonitor:3152 [interfaces.py:start():190] Started network monitoring
2023-08-24 13:52:39,267 DEBUG   HandlerThread:3152 [system_info.py:probe():195] Probing system
2023-08-24 13:52:39,268 DEBUG   HandlerThread:3152 [gitlib.py:_init_repo():53] git repository is invalid
2023-08-24 13:52:39,268 DEBUG   HandlerThread:3152 [system_info.py:probe():240] Probing system done
2023-08-24 13:52:39,268 DEBUG   HandlerThread:3152 [system_monitor.py:probe():210] {'os': 'Windows-10-10.0.22621-SP0', 'python': '3.11.4', 'heartbeatAt': '2023-08-24T05:52:39.267175', 'startedAt': '2023-08-24T05:52:37.960572', 'docker': None, 'cuda': None, 'args': (), 'state': 'running', 'program': '<python with no main file>', 'host': 'DESKTOP-7RK54M6', 'username': 'Huang', 'executable': 'c:\\Users\\Huang\\anaconda3\\envs\\v11-4\\python.exe', 'cpu_count': 14, 'cpu_count_logical': 20, 'cpu_freq': {'current': 2300.0, 'min': 0.0, 'max': 2300.0}, 'cpu_freq_per_core': [{'current': 2300.0, 'min': 0.0, 'max': 2300.0}], 'disk': {'total': 1907.7119102478027, 'used': 271.5587959289551}, 'gpu': 'NVIDIA GeForce RTX 3060 Laptop GPU', 'gpu_count': 1, 'gpu_devices': [{'name': 'NVIDIA GeForce RTX 3060 Laptop GPU', 'memory_total': 6442450944}], 'memory': {'total': 31.629840850830078}}
2023-08-24 13:52:39,268 INFO    HandlerThread:3152 [system_monitor.py:probe():211] Finished collecting system info
2023-08-24 13:52:39,268 INFO    HandlerThread:3152 [system_monitor.py:probe():214] Publishing system info
2023-08-24 13:52:39,268 DEBUG   HandlerThread:3152 [system_info.py:_save_pip():51] Saving list of pip packages installed into the current environment
2023-08-24 13:52:39,276 DEBUG   HandlerThread:3152 [system_info.py:_save_pip():67] Saving pip packages done
2023-08-24 13:52:39,276 DEBUG   HandlerThread:3152 [system_info.py:_save_conda():74] Saving list of conda packages installed into the current environment
2023-08-24 13:52:39,645 INFO    Thread-16 :3152 [dir_watcher.py:_on_file_created():271] file/dir created: d:\google drive\MAE Bs PJ\wandb\run-20230824_135237-yadr3i7f\files\wandb-summary.json
2023-08-24 13:52:39,645 INFO    Thread-16 :3152 [dir_watcher.py:_on_file_created():271] file/dir created: d:\google drive\MAE Bs PJ\wandb\run-20230824_135237-yadr3i7f\files\requirements.txt
2023-08-24 13:52:39,645 INFO    Thread-16 :3152 [dir_watcher.py:_on_file_created():271] file/dir created: d:\google drive\MAE Bs PJ\wandb\run-20230824_135237-yadr3i7f\files\conda-environment.yaml
2023-08-24 13:52:41,923 DEBUG   HandlerThread:3152 [system_info.py:_save_conda():86] Saving conda packages done
2023-08-24 13:52:41,924 INFO    HandlerThread:3152 [system_monitor.py:probe():216] Finished publishing system info
2023-08-24 13:52:41,928 DEBUG   SenderThread:3152 [sender.py:send():379] send: files
2023-08-24 13:52:41,928 INFO    SenderThread:3152 [sender.py:_save_file():1375] saving file wandb-metadata.json with policy now
2023-08-24 13:52:41,939 DEBUG   HandlerThread:3152 [handler.py:handle_request():144] handle_request: stop_status
2023-08-24 13:52:41,939 DEBUG   SenderThread:3152 [sender.py:send_request():406] send_request: stop_status
2023-08-24 13:52:41,943 DEBUG   HandlerThread:3152 [handler.py:handle_request():144] handle_request: pause
2023-08-24 13:52:41,943 INFO    HandlerThread:3152 [handler.py:handle_request_pause():728] stopping system metrics thread or process
2023-08-24 13:52:41,943 INFO    HandlerThread:3152 [system_monitor.py:finish():190] Stopping system monitor
2023-08-24 13:52:41,943 DEBUG   SystemMonitor:3152 [system_monitor.py:_start():159] Starting system metrics aggregation loop
2023-08-24 13:52:41,943 DEBUG   SystemMonitor:3152 [system_monitor.py:_start():166] Finished system metrics aggregation loop
2023-08-24 13:52:41,943 DEBUG   SystemMonitor:3152 [system_monitor.py:_start():170] Publishing last batch of metrics
2023-08-24 13:52:41,943 INFO    HandlerThread:3152 [interfaces.py:finish():202] Joined cpu monitor
2023-08-24 13:52:41,949 INFO    HandlerThread:3152 [interfaces.py:finish():202] Joined disk monitor
2023-08-24 13:52:41,992 INFO    HandlerThread:3152 [interfaces.py:finish():202] Joined gpu monitor
2023-08-24 13:52:41,993 INFO    HandlerThread:3152 [interfaces.py:finish():202] Joined memory monitor
2023-08-24 13:52:41,993 INFO    HandlerThread:3152 [interfaces.py:finish():202] Joined network monitor
2023-08-24 13:52:41,993 DEBUG   HandlerThread:3152 [handler.py:handle_request():144] handle_request: resume
2023-08-24 13:52:41,993 INFO    HandlerThread:3152 [handler.py:handle_request_resume():719] starting system metrics thread or process
2023-08-24 13:52:41,993 INFO    HandlerThread:3152 [system_monitor.py:start():181] Starting system monitor
2023-08-24 13:52:41,993 INFO    SystemMonitor:3152 [system_monitor.py:_start():145] Starting system asset monitoring threads
2023-08-24 13:52:41,994 DEBUG   HandlerThread:3152 [handler.py:handle_request():144] handle_request: partial_history
2023-08-24 13:52:41,998 DEBUG   HandlerThread:3152 [handler.py:handle_request():144] handle_request: pause
2023-08-24 13:52:41,998 INFO    HandlerThread:3152 [handler.py:handle_request_pause():728] stopping system metrics thread or process
2023-08-24 13:52:41,998 INFO    HandlerThread:3152 [system_monitor.py:finish():190] Stopping system monitor
2023-08-24 13:52:41,999 INFO    SystemMonitor:3152 [interfaces.py:start():190] Started cpu monitoring
2023-08-24 13:52:41,999 DEBUG   SystemMonitor:3152 [system_monitor.py:_start():159] Starting system metrics aggregation loop
2023-08-24 13:52:41,999 DEBUG   SystemMonitor:3152 [system_monitor.py:_start():166] Finished system metrics aggregation loop
2023-08-24 13:52:41,999 DEBUG   SystemMonitor:3152 [system_monitor.py:_start():170] Publishing last batch of metrics
2023-08-24 13:52:42,000 INFO    HandlerThread:3152 [interfaces.py:finish():202] Joined cpu monitor
2023-08-24 13:52:42,436 DEBUG   SenderThread:3152 [sender.py:send():379] send: telemetry
2023-08-24 13:52:42,436 DEBUG   SenderThread:3152 [sender.py:send():379] send: telemetry
2023-08-24 13:52:42,436 DEBUG   SenderThread:3152 [sender.py:send():379] send: files
2023-08-24 13:52:42,436 INFO    SenderThread:3152 [sender.py:_save_file():1375] saving file media\videos\example2_0_5cd248eee7adcda689f5.mp4 with policy now
2023-08-24 13:52:42,436 DEBUG   SenderThread:3152 [sender.py:send():379] send: history
2023-08-24 13:52:42,436 DEBUG   SenderThread:3152 [sender.py:send_request():406] send_request: summary_record
2023-08-24 13:52:42,436 INFO    SenderThread:3152 [sender.py:_save_file():1375] saving file wandb-summary.json with policy end
2023-08-24 13:52:42,436 DEBUG   SenderThread:3152 [sender.py:send():379] send: stats
2023-08-24 13:52:42,681 INFO    Thread-16 :3152 [dir_watcher.py:_on_file_modified():288] file/dir modified: d:\google drive\MAE Bs PJ\wandb\run-20230824_135237-yadr3i7f\files\wandb-summary.json
2023-08-24 13:52:42,681 INFO    Thread-16 :3152 [dir_watcher.py:_on_file_modified():288] file/dir modified: d:\google drive\MAE Bs PJ\wandb\run-20230824_135237-yadr3i7f\files\conda-environment.yaml
2023-08-24 13:52:42,681 INFO    Thread-16 :3152 [dir_watcher.py:_on_file_created():271] file/dir created: d:\google drive\MAE Bs PJ\wandb\run-20230824_135237-yadr3i7f\files\wandb-metadata.json
2023-08-24 13:52:42,682 INFO    Thread-16 :3152 [dir_watcher.py:_on_file_created():271] file/dir created: d:\google drive\MAE Bs PJ\wandb\run-20230824_135237-yadr3i7f\files\media\videos\example2_0_5cd248eee7adcda689f5.mp4
2023-08-24 13:52:42,682 INFO    Thread-16 :3152 [dir_watcher.py:_on_file_created():271] file/dir created: d:\google drive\MAE Bs PJ\wandb\run-20230824_135237-yadr3i7f\files\media\videos
2023-08-24 13:52:42,682 INFO    Thread-16 :3152 [dir_watcher.py:_on_file_created():271] file/dir created: d:\google drive\MAE Bs PJ\wandb\run-20230824_135237-yadr3i7f\files\media
2023-08-24 13:52:42,919 INFO    wandb-upload_0:3152 [upload_job.py:push():131] Uploaded file C:\Users\Huang\AppData\Local\Temp\tmp_ra6bid4wandb\738zh5tm-wandb-metadata.json
2023-08-24 13:52:43,452 DEBUG   HandlerThread:3152 [handler.py:handle_request():144] handle_request: status_report
2023-08-24 13:52:44,198 INFO    wandb-upload_1:3152 [upload_job.py:push():131] Uploaded file C:\Users\Huang\AppData\Local\Temp\tmp_ra6bid4wandb\99wbbtjn-media/videos/example2_0_5cd248eee7adcda689f5.mp4
2023-08-24 13:52:45,819 INFO    wandb-upload_0:3152 [upload_job.py:push():131] Uploaded file C:\Users\Huang\AppData\Local\Temp\tmp_ra6bid4wandb\61di6c02-media/videos/example2_0_5cd248eee7adcda689f5.mp4
2023-08-24 13:52:46,734 INFO    Thread-16 :3152 [dir_watcher.py:_on_file_modified():288] file/dir modified: d:\google drive\MAE Bs PJ\wandb\run-20230824_135237-yadr3i7f\files\media
2023-08-24 13:52:48,494 DEBUG   HandlerThread:3152 [handler.py:handle_request():144] handle_request: status_report
2023-08-24 13:52:51,757 INFO    Thread-16 :3152 [dir_watcher.py:_on_file_modified():288] file/dir modified: d:\google drive\MAE Bs PJ\wandb\run-20230824_135237-yadr3i7f\files\media\videos
2023-08-24 13:52:53,535 DEBUG   HandlerThread:3152 [handler.py:handle_request():144] handle_request: status_report
2023-08-24 13:52:56,492 DEBUG   HandlerThread:3152 [handler.py:handle_request():144] handle_request: resume
2023-08-24 13:52:56,492 INFO    HandlerThread:3152 [handler.py:handle_request_resume():719] starting system metrics thread or process
2023-08-24 13:52:56,492 INFO    HandlerThread:3152 [system_monitor.py:start():181] Starting system monitor
2023-08-24 13:52:56,492 INFO    SystemMonitor:3152 [system_monitor.py:_start():145] Starting system asset monitoring threads
2023-08-24 13:52:56,496 INFO    SystemMonitor:3152 [interfaces.py:start():190] Started cpu monitoring
2023-08-24 13:52:56,497 DEBUG   HandlerThread:3152 [handler.py:handle_request():144] handle_request: partial_history
2023-08-24 13:52:56,497 DEBUG   HandlerThread:3152 [handler.py:handle_request():144] handle_request: pause
2023-08-24 13:52:56,497 INFO    SystemMonitor:3152 [interfaces.py:start():190] Started disk monitoring
2023-08-24 13:52:56,498 DEBUG   SenderThread:3152 [sender.py:send():379] send: files
2023-08-24 13:52:56,498 INFO    HandlerThread:3152 [handler.py:handle_request_pause():728] stopping system metrics thread or process
2023-08-24 13:52:56,498 INFO    SenderThread:3152 [sender.py:_save_file():1375] saving file media\videos\example2_1_5cd248eee7adcda689f5.mp4 with policy now
2023-08-24 13:52:56,498 INFO    HandlerThread:3152 [system_monitor.py:finish():190] Stopping system monitor
2023-08-24 13:52:56,499 INFO    SystemMonitor:3152 [interfaces.py:start():190] Started gpu monitoring
2023-08-24 13:52:56,499 INFO    HandlerThread:3152 [interfaces.py:finish():202] Joined cpu monitor
2023-08-24 13:52:56,499 DEBUG   SystemMonitor:3152 [system_monitor.py:_start():159] Starting system metrics aggregation loop
2023-08-24 13:52:56,499 DEBUG   SenderThread:3152 [sender.py:send():379] send: history
2023-08-24 13:52:56,499 INFO    HandlerThread:3152 [interfaces.py:finish():202] Joined disk monitor
2023-08-24 13:52:56,500 DEBUG   SystemMonitor:3152 [system_monitor.py:_start():166] Finished system metrics aggregation loop
2023-08-24 13:52:56,500 DEBUG   SenderThread:3152 [sender.py:send_request():406] send_request: summary_record
2023-08-24 13:52:56,501 DEBUG   SystemMonitor:3152 [system_monitor.py:_start():170] Publishing last batch of metrics
2023-08-24 13:52:56,502 INFO    SenderThread:3152 [sender.py:_save_file():1375] saving file wandb-summary.json with policy end
2023-08-24 13:52:56,563 INFO    HandlerThread:3152 [interfaces.py:finish():202] Joined gpu monitor
2023-08-24 13:52:56,564 DEBUG   SenderThread:3152 [sender.py:send():379] send: stats
2023-08-24 13:52:56,785 INFO    Thread-16 :3152 [dir_watcher.py:_on_file_modified():288] file/dir modified: d:\google drive\MAE Bs PJ\wandb\run-20230824_135237-yadr3i7f\files\wandb-summary.json
2023-08-24 13:52:56,786 INFO    Thread-16 :3152 [dir_watcher.py:_on_file_created():271] file/dir created: d:\google drive\MAE Bs PJ\wandb\run-20230824_135237-yadr3i7f\files\media\videos\example2_1_5cd248eee7adcda689f5.mp4
2023-08-24 13:52:56,786 INFO    Thread-16 :3152 [dir_watcher.py:_on_file_modified():288] file/dir modified: d:\google drive\MAE Bs PJ\wandb\run-20230824_135237-yadr3i7f\files\media\videos
2023-08-24 13:52:56,947 DEBUG   HandlerThread:3152 [handler.py:handle_request():144] handle_request: stop_status
2023-08-24 13:52:56,947 DEBUG   SenderThread:3152 [sender.py:send_request():406] send_request: stop_status
2023-08-24 13:52:58,013 INFO    wandb-upload_1:3152 [upload_job.py:push():131] Uploaded file C:\Users\Huang\AppData\Local\Temp\tmp_ra6bid4wandb\3o6bmqzp-media/videos/example2_1_5cd248eee7adcda689f5.mp4
2023-08-24 13:52:59,241 DEBUG   HandlerThread:3152 [handler.py:handle_request():144] handle_request: status_report
2023-08-24 13:52:59,538 INFO    wandb-upload_0:3152 [upload_job.py:push():131] Uploaded file C:\Users\Huang\AppData\Local\Temp\tmp_ra6bid4wandb\tlprjt7o-media/videos/example2_1_5cd248eee7adcda689f5.mp4
2023-08-24 13:53:04,286 DEBUG   HandlerThread:3152 [handler.py:handle_request():144] handle_request: status_report
2023-08-24 13:53:08,878 INFO    Thread-16 :3152 [dir_watcher.py:_on_file_modified():288] file/dir modified: d:\google drive\MAE Bs PJ\wandb\run-20230824_135237-yadr3i7f\files\media\videos
2023-08-24 13:53:08,879 INFO    Thread-16 :3152 [dir_watcher.py:_on_file_modified():288] file/dir modified: d:\google drive\MAE Bs PJ\wandb\run-20230824_135237-yadr3i7f\files\media
2023-08-24 13:53:09,311 DEBUG   HandlerThread:3152 [handler.py:handle_request():144] handle_request: status_report
2023-08-24 13:53:09,891 INFO    Thread-16 :3152 [dir_watcher.py:_on_file_modified():288] file/dir modified: d:\google drive\MAE Bs PJ\wandb\run-20230824_135237-yadr3i7f\files\config.yaml
2023-08-24 13:53:11,957 DEBUG   HandlerThread:3152 [handler.py:handle_request():144] handle_request: stop_status
2023-08-24 13:53:11,957 DEBUG   SenderThread:3152 [sender.py:send_request():406] send_request: stop_status
2023-08-24 13:53:15,286 DEBUG   HandlerThread:3152 [handler.py:handle_request():144] handle_request: status_report
2023-08-24 13:53:18,752 DEBUG   HandlerThread:3152 [handler.py:handle_request():144] handle_request: resume
2023-08-24 13:53:18,752 INFO    HandlerThread:3152 [handler.py:handle_request_resume():719] starting system metrics thread or process
2023-08-24 13:53:18,752 INFO    HandlerThread:3152 [system_monitor.py:start():181] Starting system monitor
2023-08-24 13:53:18,753 INFO    SystemMonitor:3152 [system_monitor.py:_start():145] Starting system asset monitoring threads
2023-08-24 13:53:18,757 INFO    SystemMonitor:3152 [interfaces.py:start():190] Started cpu monitoring
2023-08-24 13:53:18,758 DEBUG   HandlerThread:3152 [handler.py:handle_request():144] handle_request: partial_history
2023-08-24 13:53:18,758 DEBUG   HandlerThread:3152 [handler.py:handle_request():144] handle_request: pause
2023-08-24 13:53:18,759 DEBUG   SenderThread:3152 [sender.py:send():379] send: files
2023-08-24 13:53:18,759 INFO    HandlerThread:3152 [handler.py:handle_request_pause():728] stopping system metrics thread or process
2023-08-24 13:53:18,759 INFO    SystemMonitor:3152 [interfaces.py:start():190] Started disk monitoring
2023-08-24 13:53:18,759 INFO    SenderThread:3152 [sender.py:_save_file():1375] saving file media\videos\example2_2_5cd248eee7adcda689f5.mp4 with policy now
2023-08-24 13:53:18,759 INFO    HandlerThread:3152 [system_monitor.py:finish():190] Stopping system monitor
2023-08-24 13:53:18,760 INFO    SystemMonitor:3152 [interfaces.py:start():190] Started gpu monitoring
2023-08-24 13:53:18,760 DEBUG   SystemMonitor:3152 [system_monitor.py:_start():159] Starting system metrics aggregation loop
2023-08-24 13:53:18,760 DEBUG   SystemMonitor:3152 [system_monitor.py:_start():166] Finished system metrics aggregation loop
2023-08-24 13:53:18,760 DEBUG   SystemMonitor:3152 [system_monitor.py:_start():170] Publishing last batch of metrics
2023-08-24 13:53:18,760 DEBUG   SenderThread:3152 [sender.py:send():379] send: history
2023-08-24 13:53:18,760 INFO    HandlerThread:3152 [interfaces.py:finish():202] Joined cpu monitor
2023-08-24 13:53:18,761 DEBUG   SenderThread:3152 [sender.py:send_request():406] send_request: summary_record
2023-08-24 13:53:18,761 INFO    HandlerThread:3152 [interfaces.py:finish():202] Joined disk monitor
2023-08-24 13:53:18,762 INFO    SenderThread:3152 [sender.py:_save_file():1375] saving file wandb-summary.json with policy end
2023-08-24 13:53:18,825 INFO    HandlerThread:3152 [interfaces.py:finish():202] Joined gpu monitor
2023-08-24 13:53:18,826 DEBUG   SenderThread:3152 [sender.py:send():379] send: stats
2023-08-24 13:53:18,936 INFO    Thread-16 :3152 [dir_watcher.py:_on_file_modified():288] file/dir modified: d:\google drive\MAE Bs PJ\wandb\run-20230824_135237-yadr3i7f\files\wandb-summary.json
2023-08-24 13:53:18,936 INFO    Thread-16 :3152 [dir_watcher.py:_on_file_created():271] file/dir created: d:\google drive\MAE Bs PJ\wandb\run-20230824_135237-yadr3i7f\files\media\videos\example2_2_5cd248eee7adcda689f5.mp4
2023-08-24 13:53:18,937 INFO    Thread-16 :3152 [dir_watcher.py:_on_file_modified():288] file/dir modified: d:\google drive\MAE Bs PJ\wandb\run-20230824_135237-yadr3i7f\files\media\videos
2023-08-24 13:53:20,207 INFO    wandb-upload_1:3152 [upload_job.py:push():131] Uploaded file C:\Users\Huang\AppData\Local\Temp\tmp_ra6bid4wandb\vpnv7ps6-media/videos/example2_2_5cd248eee7adcda689f5.mp4
2023-08-24 13:53:20,830 DEBUG   HandlerThread:3152 [handler.py:handle_request():144] handle_request: status_report
2023-08-24 13:53:21,803 INFO    wandb-upload_0:3152 [upload_job.py:push():131] Uploaded file C:\Users\Huang\AppData\Local\Temp\tmp_ra6bid4wandb\91w35ifb-media/videos/example2_2_5cd248eee7adcda689f5.mp4
2023-08-24 13:53:25,867 DEBUG   HandlerThread:3152 [handler.py:handle_request():144] handle_request: status_report
2023-08-24 13:53:26,971 DEBUG   HandlerThread:3152 [handler.py:handle_request():144] handle_request: stop_status
2023-08-24 13:53:26,971 DEBUG   SenderThread:3152 [sender.py:send_request():406] send_request: stop_status
2023-08-24 13:53:31,227 DEBUG   HandlerThread:3152 [handler.py:handle_request():144] handle_request: status_report
2023-08-24 13:53:36,277 DEBUG   HandlerThread:3152 [handler.py:handle_request():144] handle_request: status_report
2023-08-24 13:53:41,331 DEBUG   HandlerThread:3152 [handler.py:handle_request():144] handle_request: status_report
2023-08-24 13:53:41,979 DEBUG   HandlerThread:3152 [handler.py:handle_request():144] handle_request: stop_status
2023-08-24 13:53:41,980 DEBUG   SenderThread:3152 [sender.py:send_request():406] send_request: stop_status
2023-08-24 13:53:47,260 DEBUG   HandlerThread:3152 [handler.py:handle_request():144] handle_request: status_report
2023-08-24 13:53:52,310 DEBUG   HandlerThread:3152 [handler.py:handle_request():144] handle_request: status_report
2023-08-24 13:53:56,995 DEBUG   HandlerThread:3152 [handler.py:handle_request():144] handle_request: stop_status
2023-08-24 13:53:56,996 DEBUG   SenderThread:3152 [sender.py:send_request():406] send_request: stop_status
2023-08-24 13:53:58,315 DEBUG   HandlerThread:3152 [handler.py:handle_request():144] handle_request: status_report
2023-08-24 13:54:03,338 DEBUG   HandlerThread:3152 [handler.py:handle_request():144] handle_request: status_report
2023-08-24 13:54:08,380 DEBUG   HandlerThread:3152 [handler.py:handle_request():144] handle_request: status_report
2023-08-24 13:54:12,024 DEBUG   HandlerThread:3152 [handler.py:handle_request():144] handle_request: stop_status
2023-08-24 13:54:12,024 DEBUG   SenderThread:3152 [sender.py:send_request():406] send_request: stop_status
2023-08-24 13:54:14,367 DEBUG   HandlerThread:3152 [handler.py:handle_request():144] handle_request: status_report
2023-08-24 13:54:15,004 DEBUG   HandlerThread:3152 [handler.py:handle_request():144] handle_request: resume
2023-08-24 13:54:15,004 INFO    HandlerThread:3152 [handler.py:handle_request_resume():719] starting system metrics thread or process
2023-08-24 13:54:15,004 INFO    HandlerThread:3152 [system_monitor.py:start():181] Starting system monitor
2023-08-24 13:54:15,005 INFO    SystemMonitor:3152 [system_monitor.py:_start():145] Starting system asset monitoring threads
2023-08-24 13:54:15,011 INFO    SystemMonitor:3152 [interfaces.py:start():190] Started cpu monitoring
2023-08-24 13:54:15,011 INFO    SystemMonitor:3152 [interfaces.py:start():190] Started disk monitoring
2023-08-24 13:54:15,012 INFO    SystemMonitor:3152 [interfaces.py:start():190] Started gpu monitoring
2023-08-24 13:54:15,013 INFO    SystemMonitor:3152 [interfaces.py:start():190] Started memory monitoring
2023-08-24 13:54:15,022 INFO    SystemMonitor:3152 [interfaces.py:start():190] Started network monitoring
2023-08-24 13:54:15,023 DEBUG   HandlerThread:3152 [handler.py:handle_request():144] handle_request: partial_history
2023-08-24 13:54:15,023 DEBUG   SenderThread:3152 [sender.py:send():379] send: files
2023-08-24 13:54:15,023 DEBUG   HandlerThread:3152 [handler.py:handle_request():144] handle_request: pause
2023-08-24 13:54:15,024 INFO    SenderThread:3152 [sender.py:_save_file():1375] saving file media\videos\example2_3_5cd248eee7adcda689f5.mp4 with policy now
2023-08-24 13:54:15,024 INFO    HandlerThread:3152 [handler.py:handle_request_pause():728] stopping system metrics thread or process
2023-08-24 13:54:15,024 INFO    HandlerThread:3152 [system_monitor.py:finish():190] Stopping system monitor
2023-08-24 13:54:15,024 DEBUG   SystemMonitor:3152 [system_monitor.py:_start():159] Starting system metrics aggregation loop
2023-08-24 13:54:15,024 DEBUG   SystemMonitor:3152 [system_monitor.py:_start():166] Finished system metrics aggregation loop
2023-08-24 13:54:15,024 INFO    HandlerThread:3152 [interfaces.py:finish():202] Joined cpu monitor
2023-08-24 13:54:15,024 DEBUG   SystemMonitor:3152 [system_monitor.py:_start():170] Publishing last batch of metrics
2023-08-24 13:54:15,024 INFO    HandlerThread:3152 [interfaces.py:finish():202] Joined disk monitor
2023-08-24 13:54:15,025 DEBUG   SenderThread:3152 [sender.py:send():379] send: history
2023-08-24 13:54:15,025 DEBUG   SenderThread:3152 [sender.py:send_request():406] send_request: summary_record
2023-08-24 13:54:15,027 INFO    SenderThread:3152 [sender.py:_save_file():1375] saving file wandb-summary.json with policy end
2023-08-24 13:54:15,085 INFO    HandlerThread:3152 [interfaces.py:finish():202] Joined gpu monitor
2023-08-24 13:54:15,085 INFO    HandlerThread:3152 [interfaces.py:finish():202] Joined memory monitor
2023-08-24 13:54:15,085 INFO    HandlerThread:3152 [interfaces.py:finish():202] Joined network monitor
2023-08-24 13:54:15,085 DEBUG   SenderThread:3152 [sender.py:send():379] send: stats
2023-08-24 13:54:15,228 ERROR   wandb-upload_1:3152 [internal_api.py:execute():326] 404 response executing GraphQL.
2023-08-24 13:54:15,228 ERROR   wandb-upload_1:3152 [internal_api.py:execute():327] {"errors":[{"message":"run MaE bs PJ/yadr3i7f not found during createRunFiles","path":["createRunFiles"]}],"data":{"createRunFiles":null}}
2023-08-24 13:54:15,228 ERROR   Thread-15 (_thread_body):3152 [step_upload.py:_handle_event():200] Failed to upload file: C:\Users\Huang\AppData\Local\Temp\tmp_ra6bid4wandb\pzp30j68-media/videos/example2_3_5cd248eee7adcda689f5.mp4
Traceback (most recent call last):
  File "c:\Users\Huang\anaconda3\envs\v11-4\Lib\site-packages\wandb\sdk\lib\retry.py", line 131, in __call__
    result = self._call_fn(*args, **kwargs)
             ^^^^^^^^^^^^^^^^^^^^^^^^^^^^^^
  File "c:\Users\Huang\anaconda3\envs\v11-4\Lib\site-packages\wandb\sdk\internal\internal_api.py", line 323, in execute
    return self.client.execute(*args, **kwargs)  # type: ignore
           ^^^^^^^^^^^^^^^^^^^^^^^^^^^^^^^^^^^^
  File "c:\Users\Huang\anaconda3\envs\v11-4\Lib\site-packages\wandb\vendor\gql-0.2.0\wandb_gql\client.py", line 52, in execute
    result = self._get_result(document, *args, **kwargs)
             ^^^^^^^^^^^^^^^^^^^^^^^^^^^^^^^^^^^^^^^^^^^
  File "c:\Users\Huang\anaconda3\envs\v11-4\Lib\site-packages\wandb\vendor\gql-0.2.0\wandb_gql\client.py", line 60, in _get_result
    return self.transport.execute(document, *args, **kwargs)
           ^^^^^^^^^^^^^^^^^^^^^^^^^^^^^^^^^^^^^^^^^^^^^^^^^
  File "c:\Users\Huang\anaconda3\envs\v11-4\Lib\site-packages\wandb\sdk\lib\gql_request.py", line 56, in execute
    request.raise_for_status()
  File "c:\Users\Huang\anaconda3\envs\v11-4\Lib\site-packages\requests\models.py", line 1021, in raise_for_status
    raise HTTPError(http_error_msg, response=self)
requests.exceptions.HTTPError: 404 Client Error: Not Found for url: https://api.wandb.ai/graphql

During handling of the above exception, another exception occurred:

Traceback (most recent call last):
  File "c:\Users\Huang\anaconda3\envs\v11-4\Lib\concurrent\futures\thread.py", line 58, in run
    result = self.fn(*self.args, **self.kwargs)
             ^^^^^^^^^^^^^^^^^^^^^^^^^^^^^^^^^^
  File "c:\Users\Huang\anaconda3\envs\v11-4\Lib\site-packages\wandb\filesync\step_upload.py", line 288, in run_and_notify
    self._do_upload_sync(event)
  File "c:\Users\Huang\anaconda3\envs\v11-4\Lib\site-packages\wandb\filesync\step_upload.py", line 330, in _do_upload_sync
    job.run()
  File "c:\Users\Huang\anaconda3\envs\v11-4\Lib\site-packages\wandb\filesync\upload_job.py", line 57, in run
    self.push()
  File "c:\Users\Huang\anaconda3\envs\v11-4\Lib\site-packages\wandb\filesync\upload_job.py", line 106, in push
    _, upload_headers, result = self._api.upload_urls(project, [self.save_name])
                                ^^^^^^^^^^^^^^^^^^^^^^^^^^^^^^^^^^^^^^^^^^^^^^^^
  File "c:\Users\Huang\anaconda3\envs\v11-4\Lib\site-packages\wandb\apis\normalize.py", line 73, in wrapper
    raise err
  File "c:\Users\Huang\anaconda3\envs\v11-4\Lib\site-packages\wandb\apis\normalize.py", line 41, in wrapper
    return func(*args, **kwargs)
           ^^^^^^^^^^^^^^^^^^^^^
  File "c:\Users\Huang\anaconda3\envs\v11-4\Lib\site-packages\wandb\sdk\internal\internal_api.py", line 2126, in upload_urls
    query_result = self.gql(
                   ^^^^^^^^^
  File "c:\Users\Huang\anaconda3\envs\v11-4\Lib\site-packages\wandb\sdk\internal\internal_api.py", line 295, in gql
    ret = self._retry_gql(
          ^^^^^^^^^^^^^^^^
  File "c:\Users\Huang\anaconda3\envs\v11-4\Lib\site-packages\wandb\sdk\lib\retry.py", line 147, in __call__
    retry_timedelta_triggered = check_retry_fn(e)
                                ^^^^^^^^^^^^^^^^^
  File "c:\Users\Huang\anaconda3\envs\v11-4\Lib\site-packages\wandb\util.py", line 898, in no_retry_auth
    raise CommError(
wandb.errors.CommError: It appears that you do not have permission to access the requested resource. Please reach out to the project owner to grant you access. If you have the correct permissions, verify that there are no issues with your networking setup.(Error 404: Not Found)
2023-08-24 13:54:15,334 INFO    Thread-16 :3152 [dir_watcher.py:_on_file_modified():288] file/dir modified: d:\google drive\MAE Bs PJ\wandb\run-20230824_135237-yadr3i7f\files\wandb-summary.json
2023-08-24 13:54:15,334 INFO    Thread-16 :3152 [dir_watcher.py:_on_file_created():271] file/dir created: d:\google drive\MAE Bs PJ\wandb\run-20230824_135237-yadr3i7f\files\media\videos\example2_3_5cd248eee7adcda689f5.mp4
2023-08-24 13:54:15,334 INFO    Thread-16 :3152 [dir_watcher.py:_on_file_modified():288] file/dir modified: d:\google drive\MAE Bs PJ\wandb\run-20230824_135237-yadr3i7f\files\media\videos
2023-08-24 13:54:15,528 ERROR   wandb-upload_0:3152 [internal_api.py:execute():326] 404 response executing GraphQL.
2023-08-24 13:54:15,528 ERROR   wandb-upload_0:3152 [internal_api.py:execute():327] {"errors":[{"message":"run MaE bs PJ/yadr3i7f not found during createRunFiles","path":["createRunFiles"]}],"data":{"createRunFiles":null}}
2023-08-24 13:54:15,529 ERROR   Thread-15 (_thread_body):3152 [step_upload.py:_handle_event():200] Failed to upload file: C:\Users\Huang\AppData\Local\Temp\tmp_ra6bid4wandb\f3p284iu-media/videos/example2_3_5cd248eee7adcda689f5.mp4
Traceback (most recent call last):
  File "c:\Users\Huang\anaconda3\envs\v11-4\Lib\site-packages\wandb\sdk\lib\retry.py", line 131, in __call__
    result = self._call_fn(*args, **kwargs)
             ^^^^^^^^^^^^^^^^^^^^^^^^^^^^^^
  File "c:\Users\Huang\anaconda3\envs\v11-4\Lib\site-packages\wandb\sdk\internal\internal_api.py", line 323, in execute
    return self.client.execute(*args, **kwargs)  # type: ignore
           ^^^^^^^^^^^^^^^^^^^^^^^^^^^^^^^^^^^^
  File "c:\Users\Huang\anaconda3\envs\v11-4\Lib\site-packages\wandb\vendor\gql-0.2.0\wandb_gql\client.py", line 52, in execute
    result = self._get_result(document, *args, **kwargs)
             ^^^^^^^^^^^^^^^^^^^^^^^^^^^^^^^^^^^^^^^^^^^
  File "c:\Users\Huang\anaconda3\envs\v11-4\Lib\site-packages\wandb\vendor\gql-0.2.0\wandb_gql\client.py", line 60, in _get_result
    return self.transport.execute(document, *args, **kwargs)
           ^^^^^^^^^^^^^^^^^^^^^^^^^^^^^^^^^^^^^^^^^^^^^^^^^
  File "c:\Users\Huang\anaconda3\envs\v11-4\Lib\site-packages\wandb\sdk\lib\gql_request.py", line 56, in execute
    request.raise_for_status()
  File "c:\Users\Huang\anaconda3\envs\v11-4\Lib\site-packages\requests\models.py", line 1021, in raise_for_status
    raise HTTPError(http_error_msg, response=self)
requests.exceptions.HTTPError: 404 Client Error: Not Found for url: https://api.wandb.ai/graphql

During handling of the above exception, another exception occurred:

Traceback (most recent call last):
  File "c:\Users\Huang\anaconda3\envs\v11-4\Lib\concurrent\futures\thread.py", line 58, in run
    result = self.fn(*self.args, **self.kwargs)
             ^^^^^^^^^^^^^^^^^^^^^^^^^^^^^^^^^^
  File "c:\Users\Huang\anaconda3\envs\v11-4\Lib\site-packages\wandb\filesync\step_upload.py", line 288, in run_and_notify
    self._do_upload_sync(event)
  File "c:\Users\Huang\anaconda3\envs\v11-4\Lib\site-packages\wandb\filesync\step_upload.py", line 330, in _do_upload_sync
    job.run()
  File "c:\Users\Huang\anaconda3\envs\v11-4\Lib\site-packages\wandb\filesync\upload_job.py", line 57, in run
    self.push()
  File "c:\Users\Huang\anaconda3\envs\v11-4\Lib\site-packages\wandb\filesync\upload_job.py", line 106, in push
    _, upload_headers, result = self._api.upload_urls(project, [self.save_name])
                                ^^^^^^^^^^^^^^^^^^^^^^^^^^^^^^^^^^^^^^^^^^^^^^^^
  File "c:\Users\Huang\anaconda3\envs\v11-4\Lib\site-packages\wandb\apis\normalize.py", line 73, in wrapper
    raise err
  File "c:\Users\Huang\anaconda3\envs\v11-4\Lib\site-packages\wandb\apis\normalize.py", line 41, in wrapper
    return func(*args, **kwargs)
           ^^^^^^^^^^^^^^^^^^^^^
  File "c:\Users\Huang\anaconda3\envs\v11-4\Lib\site-packages\wandb\sdk\internal\internal_api.py", line 2126, in upload_urls
    query_result = self.gql(
                   ^^^^^^^^^
  File "c:\Users\Huang\anaconda3\envs\v11-4\Lib\site-packages\wandb\sdk\internal\internal_api.py", line 295, in gql
    ret = self._retry_gql(
          ^^^^^^^^^^^^^^^^
  File "c:\Users\Huang\anaconda3\envs\v11-4\Lib\site-packages\wandb\sdk\lib\retry.py", line 147, in __call__
    retry_timedelta_triggered = check_retry_fn(e)
                                ^^^^^^^^^^^^^^^^^
  File "c:\Users\Huang\anaconda3\envs\v11-4\Lib\site-packages\wandb\util.py", line 898, in no_retry_auth
    raise CommError(
wandb.errors.CommError: It appears that you do not have permission to access the requested resource. Please reach out to the project owner to grant you access. If you have the correct permissions, verify that there are no issues with your networking setup.(Error 404: Not Found)
2023-08-24 13:54:20,115 DEBUG   HandlerThread:3152 [handler.py:handle_request():144] handle_request: status_report
2023-08-24 13:54:25,146 DEBUG   HandlerThread:3152 [handler.py:handle_request():144] handle_request: status_report
